<?xml version="1.0" encoding="UTF-8"?>
<!-- Generated by org.testng.reporters.JUnitXMLReporter -->
<testsuite hostname="educator-HP" ignored="0" name="Selenium" tests="4" failures="0" timestamp="2020-08-12T14:07:58 CAT" time="187.386" errors="0">
  <testcase name="executeTest" time="0.012" classname="appModules.testCases.Bookings">
    <skipped/>
  </testcase> <!-- executeTest -->
  <testcase name="executeTest" time="38.088" classname="appModules.testCases.Bookings"/>
  <testcase name="executeTest" time="23.928" classname="appModules.testCases.Bookings"/>
  <testcase name="executeTest" time="33.164" classname="appModules.testCases.Bookings"/>
</testsuite> <!-- Selenium -->
